d:\курсовой проект div-2021\div2021\div2021\debug\vc142.pdb
d:\курсовой проект div-2021\div2021\div2021\debug\vc142.idb
d:\курсовой проект div-2021\div2021\div2021\debug\split.obj
d:\курсовой проект div-2021\div2021\div2021\debug\semanticanalysis.obj
d:\курсовой проект div-2021\div2021\div2021\debug\polish.obj
d:\курсовой проект div-2021\div2021\div2021\debug\parm.obj
d:\курсовой проект div-2021\div2021\div2021\debug\mfst.obj
d:\курсовой проект div-2021\div2021\div2021\debug\lt.obj
d:\курсовой проект div-2021\div2021\div2021\debug\log.obj
d:\курсовой проект div-2021\div2021\div2021\debug\lexicalanalysis.obj
d:\курсовой проект div-2021\div2021\div2021\debug\it.obj
d:\курсовой проект div-2021\div2021\div2021\debug\in.obj
d:\курсовой проект div-2021\div2021\div2021\debug\greibach.obj
d:\курсовой проект div-2021\div2021\div2021\debug\fst.obj
d:\курсовой проект div-2021\div2021\div2021\debug\errortest.obj
d:\курсовой проект div-2021\div2021\div2021\debug\error.obj
d:\курсовой проект div-2021\div2021\div2021\debug\div2021.obj
d:\курсовой проект div-2021\div2021\div2021\debug\codegeneration.obj
d:\курсовой проект div-2021\div2021\div2021\debug\div2021.ilk
d:\курсовой проект div-2021\div2021\debug\div2021.exe
d:\курсовой проект div-2021\div2021\debug\div2021.pdb
d:\курсовой проект div-2021\div2021\div2021\debug\div2021.tlog\cl.command.1.tlog
d:\курсовой проект div-2021\div2021\div2021\debug\div2021.tlog\cl.read.1.tlog
d:\курсовой проект div-2021\div2021\div2021\debug\div2021.tlog\cl.write.1.tlog
d:\курсовой проект div-2021\div2021\div2021\debug\div2021.tlog\link.command.1.tlog
d:\курсовой проект div-2021\div2021\div2021\debug\div2021.tlog\link.read.1.tlog
d:\курсовой проект div-2021\div2021\div2021\debug\div2021.tlog\link.write.1.tlog
