Сборка начата 20.12.2021 2:11:08.
Уровень детализации журнала: Normal.     1>Проект "D:\Курсовой проект DIV-2021\DIV2021\DIV2021\DIV2021.vcxproj" в узле 2 (целевые объекты Rebuild).
     1>_PrepareForClean:
         Файл "Debug\DIV2021.tlog\DIV2021.lastbuildstate" удаляется.
       InitializeBuildStatus:
         Создание "Debug\DIV2021.tlog\unsuccessfulbuild", так как было задано "AlwaysCreate".
       ClCompile:
         C:\Program Files (x86)\Microsoft Visual Studio\2019\Community\VC\Tools\MSVC\14.29.30133\bin\HostX86\x86\CL.exe /c /ZI /JMC /nologo /W3 /WX- /diagnostics:column /sdl /Od /Oy- /D WIN32 /D _DEBUG /D _CONSOLE /D _UNICODE /D UNICODE /Gm- /EHsc /RTC1 /MDd /GS /fp:precise /permissive- /Zc:wchar_t /Zc:forScope /Zc:inline /Fo"Debug\\" /Fd"Debug\vc142.pdb" /external:W3 /Gd /TP /analyze- /FC /errorReport:prompt CodeGeneration.cpp DIV2021.cpp Error.cpp ErrorTest.cpp FST.cpp Greibach.cpp In.cpp IT.cpp LexicalAnalysis.cpp Log.cpp LT.cpp MFST.cpp Parm.cpp Polish.cpp SemanticAnalysis.cpp Split.cpp
         CodeGeneration.cpp
         DIV2021.cpp
     1>D:\Курсовой проект DIV-2021\DIV2021\DIV2021\DIV2021.cpp(32,5): warning C4102: Log: неиспользованная метка
         Error.cpp
         ErrorTest.cpp
         FST.cpp
     1>D:\Курсовой проект DIV-2021\DIV2021\DIV2021\FST.cpp(120,37): warning C4267: инициализация: преобразование из "size_t" в "short"; возможна потеря данных
         Greibach.cpp
         In.cpp
         IT.cpp
         LexicalAnalysis.cpp
         Log.cpp
         LT.cpp
         MFST.cpp
     1>D:\Курсовой проект DIV-2021\DIV2021\DIV2021\MFST.cpp(247,68): warning C4267: =: преобразование из "size_t" в "short"; возможна потеря данных
         Parm.cpp
         Polish.cpp
         SemanticAnalysis.cpp
         Split.cpp
         Создание кода...
       Link:
         C:\Program Files (x86)\Microsoft Visual Studio\2019\Community\VC\Tools\MSVC\14.29.30133\bin\HostX86\x86\link.exe /ERRORREPORT:PROMPT /OUT:"D:\Курсовой проект DIV-2021\DIV2021\Debug\DIV2021.exe" /INCREMENTAL /ILK:"Debug\DIV2021.ilk" /NOLOGO kernel32.lib user32.lib gdi32.lib winspool.lib comdlg32.lib advapi32.lib shell32.lib ole32.lib oleaut32.lib uuid.lib odbc32.lib odbccp32.lib /MANIFEST /MANIFESTUAC:"level='asInvoker' uiAccess='false'" /manifest:embed /DEBUG /PDB:"D:\Курсовой проект DIV-2021\DIV2021\Debug\DIV2021.pdb" /SUBSYSTEM:CONSOLE /TLBID:1 /DYNAMICBASE /NXCOMPAT /IMPLIB:"D:\Курсовой проект DIV-2021\DIV2021\Debug\DIV2021.lib" /MACHINE:X86 Debug\CodeGeneration.obj
         Debug\DIV2021.obj
         Debug\Error.obj
         Debug\ErrorTest.obj
         Debug\FST.obj
         Debug\Greibach.obj
         Debug\In.obj
         Debug\IT.obj
         Debug\LexicalAnalysis.obj
         Debug\Log.obj
         Debug\LT.obj
         Debug\MFST.obj
         Debug\Parm.obj
         Debug\Polish.obj
         Debug\SemanticAnalysis.obj
         Debug\Split.obj
         DIV2021.vcxproj -> D:\Курсовой проект DIV-2021\DIV2021\Debug\DIV2021.exe
       FinalizeBuildStatus:
         Файл "Debug\DIV2021.tlog\unsuccessfulbuild" удаляется.
         Обращение к "Debug\DIV2021.tlog\DIV2021.lastbuildstate".
     1>Сборка проекта "D:\Курсовой проект DIV-2021\DIV2021\DIV2021\DIV2021.vcxproj" завершена (целевые объекты Rebuild).

Сборка успешно завершена.

       "D:\Курсовой проект DIV-2021\DIV2021\DIV2021\DIV2021.vcxproj" (целевой объект Rebuild ) (1) ->
       (Целевой объект ClCompile) -> 
         D:\Курсовой проект DIV-2021\DIV2021\DIV2021\DIV2021.cpp(32,5): warning C4102: Log: неиспользованная метка
         D:\Курсовой проект DIV-2021\DIV2021\DIV2021\FST.cpp(120,37): warning C4267: инициализация: преобразование из "size_t" в "short"; возможна потеря данных
         D:\Курсовой проект DIV-2021\DIV2021\DIV2021\MFST.cpp(247,68): warning C4267: =: преобразование из "size_t" в "short"; возможна потеря данных

    Предупреждений: 3
    Ошибок: 0

Прошло времени 00:00:15.58
